1577719285101	mozrunner::runner	INFO	Running command: "/Applications/Firefox.app/Contents/MacOS/firefox-bin" "-marionette" "-foreground" "-no-remote" "-profile" "/var/folders/xd/hbcb50hx7kg5vfcymx2n4r340000gn/T/rust_mozprofilemf0Izm"
1577719286283	addons.webextension.screenshots@mozilla.org	WARN	Loading extension 'screenshots@mozilla.org': Reading manifest: Invalid extension permission: mozillaAddons
1577719286283	addons.webextension.screenshots@mozilla.org	WARN	Loading extension 'screenshots@mozilla.org': Reading manifest: Invalid extension permission: resource://pdf.js/
1577719286283	addons.webextension.screenshots@mozilla.org	WARN	Loading extension 'screenshots@mozilla.org': Reading manifest: Invalid extension permission: about:reader*
1577719288997	Marionette	INFO	Listening on port 59628
1577719289009	Marionette	WARN	TLS certificate errors will be ignored for this session
JavaScript warning: https://racing.hkjc.com/racing/Info/Scripts/jquery-1.4.1.min.js, line 56: unreachable code after return statement
JavaScript warning: https://racing.hkjc.com/racing/info/GlobalMenu/English/js/global.js, line 1771: unreachable code after return statement
JavaScript error: resource://devtools/client/framework/toolbox.js, line 1318: TypeError: currentPanel is undefined
JavaScript error: resource://devtools/client/framework/toolbox.js, line 1318: TypeError: currentPanel is undefined
JavaScript error: resource://devtools/client/framework/toolbox.js, line 1318: TypeError: currentPanel is undefined
JavaScript error: resource://devtools/client/framework/toolbox.js, line 1318: TypeError: currentPanel is undefined
console.error: BroadcastService: 
  receivedBroadcastMessage: handler for
  remote-settings/monitor_changes
  threw error:
  Message: Error: Polling for changes failed: http://%(server)s/dummy/blocklist//buckets/monitor/collections/changes/records?_expected=%221577577615322%22 is not a valid URL..
  Stack:
    remoteSettingsFunction/remoteSettings.pollChanges@resource://services-settings/remote-settings.js:203:13

JavaScript error: resource://devtools/client/framework/devtools.js, line 702: TypeError: inspector is undefined
JavaScript error: https://common.hkjc.com/corporate/scripts/jquery.jsonp-2.1.3.min.js, line 3: NS_ERROR_NOT_INITIALIZED: 
console.error: (new TypeError("this.selection is undefined", "resource://devtools/shared/fronts/inspector.js", 481))
console.warn: "Error while detaching the thread front: 'detach' request packet to 'server1.conn0.child1/context19' can't be sent as the connection is closed."
1577760345789	Marionette	INFO	Stopped listening on port 59628
1577760479276	mozrunner::runner	INFO	Running command: "/Applications/Firefox.app/Contents/MacOS/firefox-bin" "-marionette" "-foreground" "-no-remote" "-profile" "/var/folders/xd/hbcb50hx7kg5vfcymx2n4r340000gn/T/rust_mozprofilebkIcK3"
1577760479760	addons.webextension.screenshots@mozilla.org	WARN	Loading extension 'screenshots@mozilla.org': Reading manifest: Invalid extension permission: mozillaAddons
1577760479760	addons.webextension.screenshots@mozilla.org	WARN	Loading extension 'screenshots@mozilla.org': Reading manifest: Invalid extension permission: resource://pdf.js/
1577760479760	addons.webextension.screenshots@mozilla.org	WARN	Loading extension 'screenshots@mozilla.org': Reading manifest: Invalid extension permission: about:reader*
1577760482579	Marionette	INFO	Listening on port 55978
1577760482653	Marionette	WARN	TLS certificate errors will be ignored for this session
1577760549184	mozrunner::runner	INFO	Running command: "/Applications/Firefox.app/Contents/MacOS/firefox-bin" "-marionette" "-foreground" "-no-remote" "-profile" "/var/folders/xd/hbcb50hx7kg5vfcymx2n4r340000gn/T/rust_mozprofileLH8tGa"
1577760549732	addons.webextension.screenshots@mozilla.org	WARN	Loading extension 'screenshots@mozilla.org': Reading manifest: Invalid extension permission: mozillaAddons
1577760549732	addons.webextension.screenshots@mozilla.org	WARN	Loading extension 'screenshots@mozilla.org': Reading manifest: Invalid extension permission: resource://pdf.js/
1577760549732	addons.webextension.screenshots@mozilla.org	WARN	Loading extension 'screenshots@mozilla.org': Reading manifest: Invalid extension permission: about:reader*
1577760551923	Marionette	INFO	Listening on port 56455
1577760551955	Marionette	WARN	TLS certificate errors will be ignored for this session
JavaScript warning: https://racing.hkjc.com/racing/Info/Scripts/jquery-1.4.1.min.js, line 56: unreachable code after return statement
JavaScript warning: https://racing.hkjc.com/racing/info/GlobalMenu/English/js/global.js, line 1771: unreachable code after return statement
1577761822120	mozrunner::runner	INFO	Running command: "/Applications/Firefox.app/Contents/MacOS/firefox-bin" "-marionette" "-foreground" "-no-remote" "-profile" "/var/folders/xd/hbcb50hx7kg5vfcymx2n4r340000gn/T/rust_mozprofilecrK6oH"
1577761828991	addons.webextension.screenshots@mozilla.org	WARN	Loading extension 'screenshots@mozilla.org': Reading manifest: Invalid extension permission: mozillaAddons
1577761828992	addons.webextension.screenshots@mozilla.org	WARN	Loading extension 'screenshots@mozilla.org': Reading manifest: Invalid extension permission: resource://pdf.js/
1577761828992	addons.webextension.screenshots@mozilla.org	WARN	Loading extension 'screenshots@mozilla.org': Reading manifest: Invalid extension permission: about:reader*
1577761831911	Marionette	INFO	Listening on port 62688
1577761831997	Marionette	WARN	TLS certificate errors will be ignored for this session
console.warn: "Error while detaching the thread front: 'detach' request packet to 'server1.conn0.child1/context19' can't be sent as the connection is closed."
JavaScript warning: https://racing.hkjc.com/racing/Info/Scripts/jquery-1.4.1.min.js, line 56: unreachable code after return statement
JavaScript warning: https://racing.hkjc.com/racing/info/GlobalMenu/English/js/global.js, line 1771: unreachable code after return statement
1577761861118	mozrunner::runner	INFO	Running command: "/Applications/Firefox.app/Contents/MacOS/firefox-bin" "-marionette" "-foreground" "-no-remote" "-profile" "/var/folders/xd/hbcb50hx7kg5vfcymx2n4r340000gn/T/rust_mozprofiley0CEBD"
1577761861639	addons.webextension.screenshots@mozilla.org	WARN	Loading extension 'screenshots@mozilla.org': Reading manifest: Invalid extension permission: mozillaAddons
1577761861640	addons.webextension.screenshots@mozilla.org	WARN	Loading extension 'screenshots@mozilla.org': Reading manifest: Invalid extension permission: resource://pdf.js/
1577761861640	addons.webextension.screenshots@mozilla.org	WARN	Loading extension 'screenshots@mozilla.org': Reading manifest: Invalid extension permission: about:reader*
1577761864151	Marionette	INFO	Listening on port 63060
1577761864197	Marionette	WARN	TLS certificate errors will be ignored for this session
JavaScript error: https://common.hkjc.com/corporate/scripts/jquery.jsonp-2.1.3.min.js, line 3: NS_ERROR_NOT_INITIALIZED: 
JavaScript warning: https://racing.hkjc.com/racing/Info/Scripts/jquery-1.4.1.min.js, line 56: unreachable code after return statement
JavaScript warning: https://racing.hkjc.com/racing/info/GlobalMenu/English/js/global.js, line 1771: unreachable code after return statement
console.error: BroadcastService: 
  receivedBroadcastMessage: handler for
  remote-settings/monitor_changes
  threw error:
  Message: Error: Polling for changes failed: http://%(server)s/dummy/blocklist//buckets/monitor/collections/changes/records?_expected=%221577750418253%22 is not a valid URL..
  Stack:
    remoteSettingsFunction/remoteSettings.pollChanges@resource://services-settings/remote-settings.js:203:13

console.error: BroadcastService: 
  receivedBroadcastMessage: handler for
  remote-settings/monitor_changes
  threw error:
  Message: Error: Polling for changes failed: http://%(server)s/dummy/blocklist//buckets/monitor/collections/changes/records?_expected=%221577750418253%22 is not a valid URL..
  Stack:
    remoteSettingsFunction/remoteSettings.pollChanges@resource://services-settings/remote-settings.js:203:13

1577762253055	mozrunner::runner	INFO	Running command: "/Applications/Firefox.app/Contents/MacOS/firefox-bin" "-marionette" "-foreground" "-no-remote" "-profile" "/var/folders/xd/hbcb50hx7kg5vfcymx2n4r340000gn/T/rust_mozprofile0we6YN"
1577762253569	addons.webextension.screenshots@mozilla.org	WARN	Loading extension 'screenshots@mozilla.org': Reading manifest: Invalid extension permission: mozillaAddons
1577762253569	addons.webextension.screenshots@mozilla.org	WARN	Loading extension 'screenshots@mozilla.org': Reading manifest: Invalid extension permission: resource://pdf.js/
1577762253569	addons.webextension.screenshots@mozilla.org	WARN	Loading extension 'screenshots@mozilla.org': Reading manifest: Invalid extension permission: about:reader*
1577762256390	Marionette	INFO	Listening on port 64934
1577762256442	Marionette	WARN	TLS certificate errors will be ignored for this session
JavaScript warning: https://racing.hkjc.com/racing/Info/Scripts/jquery-1.4.1.min.js, line 56: unreachable code after return statement
JavaScript warning: https://racing.hkjc.com/racing/info/GlobalMenu/English/js/global.js, line 1771: unreachable code after return statement
1577762292653	mozrunner::runner	INFO	Running command: "/Applications/Firefox.app/Contents/MacOS/firefox-bin" "-marionette" "-foreground" "-no-remote" "-profile" "/var/folders/xd/hbcb50hx7kg5vfcymx2n4r340000gn/T/rust_mozprofileHoaUaE"
1577762293170	addons.webextension.screenshots@mozilla.org	WARN	Loading extension 'screenshots@mozilla.org': Reading manifest: Invalid extension permission: mozillaAddons
1577762293170	addons.webextension.screenshots@mozilla.org	WARN	Loading extension 'screenshots@mozilla.org': Reading manifest: Invalid extension permission: resource://pdf.js/
1577762293170	addons.webextension.screenshots@mozilla.org	WARN	Loading extension 'screenshots@mozilla.org': Reading manifest: Invalid extension permission: about:reader*
1577762296194	Marionette	INFO	Listening on port 65229
1577762296244	Marionette	WARN	TLS certificate errors will be ignored for this session
JavaScript warning: https://racing.hkjc.com/racing/Info/Scripts/jquery-1.4.1.min.js, line 56: unreachable code after return statement
JavaScript warning: https://racing.hkjc.com/racing/info/GlobalMenu/English/js/global.js, line 1771: unreachable code after return statement
console.error: BroadcastService: 
  receivedBroadcastMessage: handler for
  remote-settings/monitor_changes
  threw error:
  Message: Error: Polling for changes failed: http://%(server)s/dummy/blocklist//buckets/monitor/collections/changes/records?_expected=%221577750418253%22 is not a valid URL..
  Stack:
    remoteSettingsFunction/remoteSettings.pollChanges@resource://services-settings/remote-settings.js:203:13

console.error: BroadcastService: 
  receivedBroadcastMessage: handler for
  remote-settings/monitor_changes
  threw error:
  Message: Error: Polling for changes failed: http://%(server)s/dummy/blocklist//buckets/monitor/collections/changes/records?_expected=%221577750418253%22 is not a valid URL..
  Stack:
    remoteSettingsFunction/remoteSettings.pollChanges@resource://services-settings/remote-settings.js:203:13

JavaScript error: https://common.hkjc.com/corporate/scripts/jquery.jsonp-2.1.3.min.js, line 3: NS_ERROR_NOT_INITIALIZED: 
1577768865616	Marionette	INFO	Stopped listening on port 64934
JavaScript warning: https://csdnimg.cn/public/common/libs/jquery/jquery-1.9.1.min.js, line 2: Using //@ to indicate sourceMappingURL pragmas is deprecated. Use //# instead
JavaScript warning: https://csdnimg.cn/public/common/libs/jquery/jquery-1.9.1.min.js, line 2: Using //@ to indicate sourceMappingURL pragmas is deprecated. Use //# instead
JavaScript warning: https://csdnimg.cn/public/common/libs/jquery/jquery-1.9.1.min.js, line 2: Using //@ to indicate sourceMappingURL pragmas is deprecated. Use //# instead
JavaScript warning: https://pos.baidu.com/bcqm?conwid=300&conhei=250&rdid=3163270&dc=3&exps=110011&psi=9f22312bd3d80eb511044a838dfc2925&di=u3163270&dri=0&dis=0&dai=4&ps=2272x84&enu=encoding&ant=0&dcb=___adblockplus_&dtm=HTML_POST&dvi=0.0&dci=-1&dpt=none&tsr=0&tpr=1577769577735&ti=python%E4%B8%AD%20%E6%9B%BF%E6%8D%A2string%E5%8F%98%E9%87%8F&ari=2&ver=1230&dbv=0&drs=1&pcs=1280x872&pss=1292x8937&cfv=0&cpl=0&chi=1&cce=true&cec=UTF-8&tlm=1577740777&prot=2&rw=872&ltu=https%3A%2F%2Fblog.csdn.net%2Fweixin_40952784%2Farticle%2Fdetails%2F96284430&ltr=https%3A%2F%2Fblog.csdn.net%2Fcaroline_wendy%2Farticle%2Fdetails%2F27054263&ecd=1&uc=1680x1027&pis=-1x-1&sr=1680x1050&tcn=1577769578&qn=5a795b2c3f5152f8&tt=1577769577834.72.735.736, line 137: unreachable code after return statement
JavaScript warning: https://pos.baidu.com/bcqm?conwid=300&conhei=250&rdid=3163270&dc=3&exps=110011&psi=9f22312bd3d80eb511044a838dfc2925&di=u3163270&dri=0&dis=0&dai=4&ps=2272x84&enu=encoding&ant=0&dcb=___adblockplus_&dtm=HTML_POST&dvi=0.0&dci=-1&dpt=none&tsr=0&tpr=1577769577735&ti=python%E4%B8%AD%20%E6%9B%BF%E6%8D%A2string%E5%8F%98%E9%87%8F&ari=2&ver=1230&dbv=0&drs=1&pcs=1280x872&pss=1292x8937&cfv=0&cpl=0&chi=1&cce=true&cec=UTF-8&tlm=1577740777&prot=2&rw=872&ltu=https%3A%2F%2Fblog.csdn.net%2Fweixin_40952784%2Farticle%2Fdetails%2F96284430&ltr=https%3A%2F%2Fblog.csdn.net%2Fcaroline_wendy%2Farticle%2Fdetails%2F27054263&ecd=1&uc=1680x1027&pis=-1x-1&sr=1680x1050&tcn=1577769578&qn=5a795b2c3f5152f8&tt=1577769577834.72.735.736, line 137: unreachable code after return statement
1577770048736	mozrunner::runner	INFO	Running command: "/Applications/Firefox.app/Contents/MacOS/firefox-bin" "-marionette" "-foreground" "-no-remote" "-profile" "/var/folders/xd/hbcb50hx7kg5vfcymx2n4r340000gn/T/rust_mozprofile46oWfz"
1577770049940	addons.webextension.screenshots@mozilla.org	WARN	Loading extension 'screenshots@mozilla.org': Reading manifest: Invalid extension permission: mozillaAddons
1577770049940	addons.webextension.screenshots@mozilla.org	WARN	Loading extension 'screenshots@mozilla.org': Reading manifest: Invalid extension permission: resource://pdf.js/
1577770049940	addons.webextension.screenshots@mozilla.org	WARN	Loading extension 'screenshots@mozilla.org': Reading manifest: Invalid extension permission: about:reader*
1577770053146	Marionette	INFO	Listening on port 58981
1577770053250	Marionette	WARN	TLS certificate errors will be ignored for this session
JavaScript warning: https://racing.hkjc.com/racing/Info/Scripts/jquery-1.4.1.min.js, line 56: unreachable code after return statement
JavaScript warning: https://racing.hkjc.com/racing/info/GlobalMenu/English/js/global.js, line 1771: unreachable code after return statement
JavaScript error: https://cdn.sstatic.net/Js/stub.en.js?v=9f169562160d, line 1: ReferenceError: $ is not defined
JavaScript error: https://stackoverflow.com/questions/54567608/initializing-python-class-with-list-array, line 47: TypeError: StackExchange.ready is not a function
JavaScript error: https://cdn.sstatic.net/Js/stub.en.js?v=9f169562160d, line 1: ReferenceError: $ is not defined
JavaScript error: https://stackoverflow.com/questions/54567608/initializing-python-class-with-list-array, line 323: TypeError: StackExchange.ready is not a function
JavaScript error: https://stackoverflow.com/questions/54567608/initializing-python-class-with-list-array, line 1047: TypeError: StackExchange.ifUsing is not a function
JavaScript error: https://stackoverflow.com/questions/54567608/initializing-python-class-with-list-array, line 1058: TypeError: StackExchange.ready is not a function
JavaScript error: https://stackoverflow.com/questions/54567608/initializing-python-class-with-list-array, line 1153: TypeError: StackExchange.ready is not a function
JavaScript error: https://stackoverflow.com/questions/54567608/initializing-python-class-with-list-array, line 1198: TypeError: StackExchange.ready is not a function
JavaScript error: https://stackoverflow.com/questions/54567608/initializing-python-class-with-list-array, line 1496: TypeError: StackExchange.ready is not a function
JavaScript error: https://stackoverflow.com/questions/54567608/initializing-python-class-with-list-array, line 1760: TypeError: StackExchange.ready is not a function
JavaScript error: https://stackoverflow.com/questions/54567608/initializing-python-class-with-list-array, line 1773: TypeError: StackExchange.ready is not a function
1577770087801	mozrunner::runner	INFO	Running command: "/Applications/Firefox.app/Contents/MacOS/firefox-bin" "-marionette" "-foreground" "-no-remote" "-profile" "/var/folders/xd/hbcb50hx7kg5vfcymx2n4r340000gn/T/rust_mozprofile7hztvm"
1577770089027	addons.webextension.screenshots@mozilla.org	WARN	Loading extension 'screenshots@mozilla.org': Reading manifest: Invalid extension permission: mozillaAddons
1577770089028	addons.webextension.screenshots@mozilla.org	WARN	Loading extension 'screenshots@mozilla.org': Reading manifest: Invalid extension permission: resource://pdf.js/
1577770089028	addons.webextension.screenshots@mozilla.org	WARN	Loading extension 'screenshots@mozilla.org': Reading manifest: Invalid extension permission: about:reader*
1577770090233	Marionette	INFO	Stopped listening on port 58981
1577770092626	Marionette	INFO	Listening on port 59283
1577770092699	Marionette	WARN	TLS certificate errors will be ignored for this session
JavaScript warning: https://racing.hkjc.com/racing/Info/Scripts/jquery-1.4.1.min.js, line 56: unreachable code after return statement
JavaScript warning: https://racing.hkjc.com/racing/info/GlobalMenu/English/js/global.js, line 1771: unreachable code after return statement
1577770114693	mozrunner::runner	INFO	Running command: "/Applications/Firefox.app/Contents/MacOS/firefox-bin" "-marionette" "-foreground" "-no-remote" "-profile" "/var/folders/xd/hbcb50hx7kg5vfcymx2n4r340000gn/T/rust_mozprofilelO3o4S"
1577770114853	Marionette	INFO	Stopped listening on port 59283

###!!! [Parent][RunMessage] Error: Channel closing: too late to send/recv, messages will be lost

1577770115706	addons.webextension.screenshots@mozilla.org	WARN	Loading extension 'screenshots@mozilla.org': Reading manifest: Invalid extension permission: mozillaAddons
1577770115706	addons.webextension.screenshots@mozilla.org	WARN	Loading extension 'screenshots@mozilla.org': Reading manifest: Invalid extension permission: resource://pdf.js/
1577770115706	addons.webextension.screenshots@mozilla.org	WARN	Loading extension 'screenshots@mozilla.org': Reading manifest: Invalid extension permission: about:reader*
1577770118754	Marionette	INFO	Listening on port 59519
1577770118790	Marionette	WARN	TLS certificate errors will be ignored for this session
JavaScript warning: https://racing.hkjc.com/racing/Info/Scripts/jquery-1.4.1.min.js, line 56: unreachable code after return statement
JavaScript warning: https://racing.hkjc.com/racing/info/GlobalMenu/English/js/global.js, line 1771: unreachable code after return statement
JavaScript warning: https://bbs.csdn.net/topics/390310534?_t=t, line 627: unreachable code after return statement
JavaScript error: resource://gre/modules/WebProgressChild.jsm, line 61: TypeError: this.mm.content is null
2019-12-31 15:51:39.470 firefox-bin[88494:6152902] -deltaZ is deprecated for NSEventTypeMagnify.  Please use -magnification.
1577778766958	Marionette	INFO	Stopped listening on port 59519
1577779442098	mozrunner::runner	INFO	Running command: "/Applications/Firefox.app/Contents/MacOS/firefox-bin" "-marionette" "-foreground" "-no-remote" "-profile" "/var/folders/xd/hbcb50hx7kg5vfcymx2n4r340000gn/T/rust_mozprofileTqO1RK"
1577779442590	addons.webextension.screenshots@mozilla.org	WARN	Loading extension 'screenshots@mozilla.org': Reading manifest: Invalid extension permission: mozillaAddons
1577779442590	addons.webextension.screenshots@mozilla.org	WARN	Loading extension 'screenshots@mozilla.org': Reading manifest: Invalid extension permission: resource://pdf.js/
1577779442590	addons.webextension.screenshots@mozilla.org	WARN	Loading extension 'screenshots@mozilla.org': Reading manifest: Invalid extension permission: about:reader*
1577779445169	Marionette	INFO	Listening on port 49211
1577779445181	Marionette	WARN	TLS certificate errors will be ignored for this session
JavaScript warning: https://racing.hkjc.com/racing/Info/Scripts/jquery-1.4.1.min.js, line 56: unreachable code after return statement
JavaScript warning: https://racing.hkjc.com/racing/info/GlobalMenu/English/js/global.js, line 1771: unreachable code after return statement
1577779491083	mozrunner::runner	INFO	Running command: "/Applications/Firefox.app/Contents/MacOS/firefox-bin" "-marionette" "-foreground" "-no-remote" "-profile" "/var/folders/xd/hbcb50hx7kg5vfcymx2n4r340000gn/T/rust_mozprofilezOjtPL"
1577779491919	addons.webextension.screenshots@mozilla.org	WARN	Loading extension 'screenshots@mozilla.org': Reading manifest: Invalid extension permission: mozillaAddons
1577779491919	addons.webextension.screenshots@mozilla.org	WARN	Loading extension 'screenshots@mozilla.org': Reading manifest: Invalid extension permission: resource://pdf.js/
1577779491919	addons.webextension.screenshots@mozilla.org	WARN	Loading extension 'screenshots@mozilla.org': Reading manifest: Invalid extension permission: about:reader*
JavaScript error: https://common.hkjc.com/corporate/scripts/jquery.jsonp-2.1.3.min.js, line 3: NS_ERROR_NOT_INITIALIZED: 
1577779494435	Marionette	INFO	Listening on port 49555
1577779494458	Marionette	WARN	TLS certificate errors will be ignored for this session
JavaScript warning: https://racing.hkjc.com/racing/Info/Scripts/jquery-1.4.1.min.js, line 56: unreachable code after return statement
JavaScript warning: https://racing.hkjc.com/racing/info/GlobalMenu/English/js/global.js, line 1771: unreachable code after return statement
1577779561263	mozrunner::runner	INFO	Running command: "/Applications/Firefox.app/Contents/MacOS/firefox-bin" "-marionette" "-foreground" "-no-remote" "-profile" "/var/folders/xd/hbcb50hx7kg5vfcymx2n4r340000gn/T/rust_mozprofile7Qhz9S"
1577779562165	addons.webextension.screenshots@mozilla.org	WARN	Loading extension 'screenshots@mozilla.org': Reading manifest: Invalid extension permission: mozillaAddons
1577779562166	addons.webextension.screenshots@mozilla.org	WARN	Loading extension 'screenshots@mozilla.org': Reading manifest: Invalid extension permission: resource://pdf.js/
1577779562166	addons.webextension.screenshots@mozilla.org	WARN	Loading extension 'screenshots@mozilla.org': Reading manifest: Invalid extension permission: about:reader*
1577779564386	Marionette	INFO	Listening on port 49991
1577779564437	Marionette	WARN	TLS certificate errors will be ignored for this session
JavaScript warning: https://racing.hkjc.com/racing/Info/Scripts/jquery-1.4.1.min.js, line 56: unreachable code after return statement
JavaScript warning: https://racing.hkjc.com/racing/info/GlobalMenu/English/js/global.js, line 1771: unreachable code after return statement
1577779580394	Marionette	INFO	Stopped listening on port 49991
1577780519497	mozrunner::runner	INFO	Running command: "/Applications/Firefox.app/Contents/MacOS/firefox-bin" "-marionette" "-foreground" "-no-remote" "-profile" "/var/folders/xd/hbcb50hx7kg5vfcymx2n4r340000gn/T/rust_mozprofileiFa1mZ"
1577780520325	addons.webextension.screenshots@mozilla.org	WARN	Loading extension 'screenshots@mozilla.org': Reading manifest: Invalid extension permission: mozillaAddons
1577780520326	addons.webextension.screenshots@mozilla.org	WARN	Loading extension 'screenshots@mozilla.org': Reading manifest: Invalid extension permission: resource://pdf.js/
1577780520326	addons.webextension.screenshots@mozilla.org	WARN	Loading extension 'screenshots@mozilla.org': Reading manifest: Invalid extension permission: about:reader*
console.warn: "Error while detaching the thread front: 'detach' request packet to 'server1.conn0.child1/context19' can't be sent as the connection is closed."
1577780525276	Marionette	INFO	Listening on port 54648
1577780525400	Marionette	WARN	TLS certificate errors will be ignored for this session

###!!! [Child][RunMessage] Error: Channel closing: too late to send/recv, messages will be lost


###!!! [Child][RunMessage] Error: Channel closing: too late to send/recv, messages will be lost

Marionette threw an error: TypeError: this.curBrowser.contentBrowser is null
GeckoDriver.prototype.get@chrome://marionette/content/driver.js:1095:3

1577780547477	Marionette	INFO	Stopped listening on port 54648
1577780556631	mozrunner::runner	INFO	Running command: "/Applications/Firefox.app/Contents/MacOS/firefox-bin" "-marionette" "-foreground" "-no-remote" "-profile" "/var/folders/xd/hbcb50hx7kg5vfcymx2n4r340000gn/T/rust_mozprofilei4bcpW"
1577780557103	addons.webextension.screenshots@mozilla.org	WARN	Loading extension 'screenshots@mozilla.org': Reading manifest: Invalid extension permission: mozillaAddons
1577780557103	addons.webextension.screenshots@mozilla.org	WARN	Loading extension 'screenshots@mozilla.org': Reading manifest: Invalid extension permission: resource://pdf.js/
1577780557103	addons.webextension.screenshots@mozilla.org	WARN	Loading extension 'screenshots@mozilla.org': Reading manifest: Invalid extension permission: about:reader*
1577780559327	Marionette	INFO	Listening on port 54953
1577780559400	Marionette	WARN	TLS certificate errors will be ignored for this session
JavaScript warning: https://racing.hkjc.com/racing/Info/Scripts/jquery-1.4.1.min.js, line 56: unreachable code after return statement
JavaScript warning: https://racing.hkjc.com/racing/info/GlobalMenu/English/js/global.js, line 1771: unreachable code after return statement
1577780624004	Marionette	INFO	Stopped listening on port 54953
1577780756956	mozrunner::runner	INFO	Running command: "/Applications/Firefox.app/Contents/MacOS/firefox-bin" "-marionette" "-foreground" "-no-remote" "-profile" "/var/folders/xd/hbcb50hx7kg5vfcymx2n4r340000gn/T/rust_mozprofile5yfXWq"
1577780757448	addons.webextension.screenshots@mozilla.org	WARN	Loading extension 'screenshots@mozilla.org': Reading manifest: Invalid extension permission: mozillaAddons
1577780757448	addons.webextension.screenshots@mozilla.org	WARN	Loading extension 'screenshots@mozilla.org': Reading manifest: Invalid extension permission: resource://pdf.js/
1577780757448	addons.webextension.screenshots@mozilla.org	WARN	Loading extension 'screenshots@mozilla.org': Reading manifest: Invalid extension permission: about:reader*
1577780759550	Marionette	INFO	Listening on port 56004
1577780759615	Marionette	WARN	TLS certificate errors will be ignored for this session
JavaScript warning: https://racing.hkjc.com/racing/Info/Scripts/jquery-1.4.1.min.js, line 56: unreachable code after return statement
JavaScript warning: https://racing.hkjc.com/racing/info/GlobalMenu/English/js/global.js, line 1771: unreachable code after return statement
1577780770769	Marionette	INFO	Stopped listening on port 56004
1577780862569	mozrunner::runner	INFO	Running command: "/Applications/Firefox.app/Contents/MacOS/firefox-bin" "-marionette" "-foreground" "-no-remote" "-profile" "/var/folders/xd/hbcb50hx7kg5vfcymx2n4r340000gn/T/rust_mozprofile8wSjwR"
1577780863052	addons.webextension.screenshots@mozilla.org	WARN	Loading extension 'screenshots@mozilla.org': Reading manifest: Invalid extension permission: mozillaAddons
1577780863052	addons.webextension.screenshots@mozilla.org	WARN	Loading extension 'screenshots@mozilla.org': Reading manifest: Invalid extension permission: resource://pdf.js/
1577780863052	addons.webextension.screenshots@mozilla.org	WARN	Loading extension 'screenshots@mozilla.org': Reading manifest: Invalid extension permission: about:reader*
1577780865196	Marionette	INFO	Listening on port 56587
1577780865220	Marionette	WARN	TLS certificate errors will be ignored for this session
JavaScript warning: https://racing.hkjc.com/racing/Info/Scripts/jquery-1.4.1.min.js, line 56: unreachable code after return statement
JavaScript warning: https://racing.hkjc.com/racing/info/GlobalMenu/English/js/global.js, line 1771: unreachable code after return statement
1577780896082	mozrunner::runner	INFO	Running command: "/Applications/Firefox.app/Contents/MacOS/firefox-bin" "-marionette" "-foreground" "-no-remote" "-profile" "/var/folders/xd/hbcb50hx7kg5vfcymx2n4r340000gn/T/rust_mozprofileRqc3JL"
1577780897114	addons.webextension.screenshots@mozilla.org	WARN	Loading extension 'screenshots@mozilla.org': Reading manifest: Invalid extension permission: mozillaAddons
1577780897115	addons.webextension.screenshots@mozilla.org	WARN	Loading extension 'screenshots@mozilla.org': Reading manifest: Invalid extension permission: resource://pdf.js/
1577780897115	addons.webextension.screenshots@mozilla.org	WARN	Loading extension 'screenshots@mozilla.org': Reading manifest: Invalid extension permission: about:reader*
1577780899688	Marionette	INFO	Listening on port 56829
1577780899770	Marionette	WARN	TLS certificate errors will be ignored for this session
JavaScript warning: https://racing.hkjc.com/racing/Info/Scripts/jquery-1.4.1.min.js, line 56: unreachable code after return statement
JavaScript warning: https://racing.hkjc.com/racing/info/GlobalMenu/English/js/global.js, line 1771: unreachable code after return statement
1577780948666	mozrunner::runner	INFO	Running command: "/Applications/Firefox.app/Contents/MacOS/firefox-bin" "-marionette" "-foreground" "-no-remote" "-profile" "/var/folders/xd/hbcb50hx7kg5vfcymx2n4r340000gn/T/rust_mozprofilew1iTUc"
1577780949237	addons.webextension.screenshots@mozilla.org	WARN	Loading extension 'screenshots@mozilla.org': Reading manifest: Invalid extension permission: mozillaAddons
1577780949237	addons.webextension.screenshots@mozilla.org	WARN	Loading extension 'screenshots@mozilla.org': Reading manifest: Invalid extension permission: resource://pdf.js/
1577780949237	addons.webextension.screenshots@mozilla.org	WARN	Loading extension 'screenshots@mozilla.org': Reading manifest: Invalid extension permission: about:reader*
1577780951463	Marionette	INFO	Listening on port 57184
1577780951547	Marionette	WARN	TLS certificate errors will be ignored for this session
JavaScript warning: https://racing.hkjc.com/racing/Info/Scripts/jquery-1.4.1.min.js, line 56: unreachable code after return statement
JavaScript warning: https://racing.hkjc.com/racing/info/GlobalMenu/English/js/global.js, line 1771: unreachable code after return statement
1577781029701	Marionette	INFO	Stopped listening on port 57184
console.error: BroadcastService: 
  receivedBroadcastMessage: handler for
  remote-settings/monitor_changes
  threw error:
  Message: Error: Polling for changes failed: http://%(server)s/dummy/blocklist//buckets/monitor/collections/changes/records?_expected=%221577750418253%22 is not a valid URL..
  Stack:
    remoteSettingsFunction/remoteSettings.pollChanges@resource://services-settings/remote-settings.js:203:13

console.error: BroadcastService: 
  receivedBroadcastMessage: handler for
  remote-settings/monitor_changes
  threw error:
  Message: Error: Polling for changes failed: http://%(server)s/dummy/blocklist//buckets/monitor/collections/changes/records?_expected=%221577750418253%22 is not a valid URL..
  Stack:
    remoteSettingsFunction/remoteSettings.pollChanges@resource://services-settings/remote-settings.js:203:13

1577781098345	mozrunner::runner	INFO	Running command: "/Applications/Firefox.app/Contents/MacOS/firefox-bin" "-marionette" "-foreground" "-no-remote" "-profile" "/var/folders/xd/hbcb50hx7kg5vfcymx2n4r340000gn/T/rust_mozprofileDn76Rv"
1577781098878	addons.webextension.screenshots@mozilla.org	WARN	Loading extension 'screenshots@mozilla.org': Reading manifest: Invalid extension permission: mozillaAddons
1577781098878	addons.webextension.screenshots@mozilla.org	WARN	Loading extension 'screenshots@mozilla.org': Reading manifest: Invalid extension permission: resource://pdf.js/
1577781098878	addons.webextension.screenshots@mozilla.org	WARN	Loading extension 'screenshots@mozilla.org': Reading manifest: Invalid extension permission: about:reader*
1577781101371	Marionette	FATAL	Remote protocol server failed to start: [Exception... "Component returned failure code: 0xc1f30001 (NS_ERROR_NOT_INITIALIZED) [nsIServerSocket.asyncListen]"  nsresult: "0xc1f30001 (NS_ERROR_NOT_INITIALIZED)"  location: "JS frame :: chrome://marionette/content/server.js :: set acceptConnections :: line 92"  data: no] Stack trace: set acceptConnections()@server.js:92
start()@server.js:117
init/<()@jar:file:///Applications/Firefox.app/Contents/Resources/omni.ja!/components/marionette.js:468
observe()@resource://gre/modules/AsyncShutdown.jsm:532
1577781150863	mozrunner::runner	INFO	Running command: "/Applications/Firefox.app/Contents/MacOS/firefox-bin" "-marionette" "-foreground" "-no-remote" "-profile" "/var/folders/xd/hbcb50hx7kg5vfcymx2n4r340000gn/T/rust_mozprofileh3HbPM"
1577781151782	addons.webextension.screenshots@mozilla.org	WARN	Loading extension 'screenshots@mozilla.org': Reading manifest: Invalid extension permission: mozillaAddons
1577781151783	addons.webextension.screenshots@mozilla.org	WARN	Loading extension 'screenshots@mozilla.org': Reading manifest: Invalid extension permission: resource://pdf.js/
1577781151783	addons.webextension.screenshots@mozilla.org	WARN	Loading extension 'screenshots@mozilla.org': Reading manifest: Invalid extension permission: about:reader*
1577781153795	Marionette	INFO	Listening on port 58275
1577781153836	Marionette	WARN	TLS certificate errors will be ignored for this session
JavaScript warning: https://racing.hkjc.com/racing/Info/Scripts/jquery-1.4.1.min.js, line 56: unreachable code after return statement
JavaScript warning: https://racing.hkjc.com/racing/info/GlobalMenu/English/js/global.js, line 1771: unreachable code after return statement
1577781172479	Marionette	INFO	Stopped listening on port 58275
JavaScript error: https://common.hkjc.com/corporate/scripts/jquery.jsonp-2.1.3.min.js, line 3: NS_ERROR_NOT_INITIALIZED: 
1577781209657	mozrunner::runner	INFO	Running command: "/Applications/Firefox.app/Contents/MacOS/firefox-bin" "-marionette" "-foreground" "-no-remote" "-profile" "/var/folders/xd/hbcb50hx7kg5vfcymx2n4r340000gn/T/rust_mozprofileGV4xWv"
1577781210505	addons.webextension.screenshots@mozilla.org	WARN	Loading extension 'screenshots@mozilla.org': Reading manifest: Invalid extension permission: mozillaAddons
1577781210506	addons.webextension.screenshots@mozilla.org	WARN	Loading extension 'screenshots@mozilla.org': Reading manifest: Invalid extension permission: resource://pdf.js/
1577781210506	addons.webextension.screenshots@mozilla.org	WARN	Loading extension 'screenshots@mozilla.org': Reading manifest: Invalid extension permission: about:reader*
1577781212519	Marionette	INFO	Listening on port 58638
1577781212622	Marionette	WARN	TLS certificate errors will be ignored for this session
JavaScript warning: https://racing.hkjc.com/racing/Info/Scripts/jquery-1.4.1.min.js, line 56: unreachable code after return statement
JavaScript warning: https://racing.hkjc.com/racing/info/GlobalMenu/English/js/global.js, line 1771: unreachable code after return statement
1577781222521	Marionette	INFO	Stopped listening on port 58638
1577781388168	mozrunner::runner	INFO	Running command: "/Applications/Firefox.app/Contents/MacOS/firefox-bin" "-marionette" "-foreground" "-no-remote" "-profile" "/var/folders/xd/hbcb50hx7kg5vfcymx2n4r340000gn/T/rust_mozprofilesCkHp9"
1577781389104	addons.webextension.screenshots@mozilla.org	WARN	Loading extension 'screenshots@mozilla.org': Reading manifest: Invalid extension permission: mozillaAddons
1577781389105	addons.webextension.screenshots@mozilla.org	WARN	Loading extension 'screenshots@mozilla.org': Reading manifest: Invalid extension permission: resource://pdf.js/
1577781389105	addons.webextension.screenshots@mozilla.org	WARN	Loading extension 'screenshots@mozilla.org': Reading manifest: Invalid extension permission: about:reader*
1577781391997	Marionette	INFO	Listening on port 59583
1577781392055	Marionette	WARN	TLS certificate errors will be ignored for this session
JavaScript warning: https://racing.hkjc.com/racing/Info/Scripts/jquery-1.4.1.min.js, line 56: unreachable code after return statement
JavaScript warning: https://racing.hkjc.com/racing/info/GlobalMenu/English/js/global.js, line 1771: unreachable code after return statement
1577781408735	mozrunner::runner	INFO	Running command: "/Applications/Firefox.app/Contents/MacOS/firefox-bin" "-marionette" "-foreground" "-no-remote" "-profile" "/var/folders/xd/hbcb50hx7kg5vfcymx2n4r340000gn/T/rust_mozprofileRmVNkl"
1577781409293	addons.webextension.screenshots@mozilla.org	WARN	Loading extension 'screenshots@mozilla.org': Reading manifest: Invalid extension permission: mozillaAddons
1577781409293	addons.webextension.screenshots@mozilla.org	WARN	Loading extension 'screenshots@mozilla.org': Reading manifest: Invalid extension permission: resource://pdf.js/
1577781409293	addons.webextension.screenshots@mozilla.org	WARN	Loading extension 'screenshots@mozilla.org': Reading manifest: Invalid extension permission: about:reader*
1577781411517	Marionette	INFO	Listening on port 59774
1577781411600	Marionette	WARN	TLS certificate errors will be ignored for this session
JavaScript warning: https://racing.hkjc.com/racing/Info/Scripts/jquery-1.4.1.min.js, line 56: unreachable code after return statement
JavaScript warning: https://racing.hkjc.com/racing/info/GlobalMenu/English/js/global.js, line 1771: unreachable code after return statement
1577781416159	Marionette	INFO	Stopped listening on port 59774
1577781430152	mozrunner::runner	INFO	Running command: "/Applications/Firefox.app/Contents/MacOS/firefox-bin" "-marionette" "-foreground" "-no-remote" "-profile" "/var/folders/xd/hbcb50hx7kg5vfcymx2n4r340000gn/T/rust_mozprofile2ZVipy"
1577781430947	addons.webextension.screenshots@mozilla.org	WARN	Loading extension 'screenshots@mozilla.org': Reading manifest: Invalid extension permission: mozillaAddons
1577781430947	addons.webextension.screenshots@mozilla.org	WARN	Loading extension 'screenshots@mozilla.org': Reading manifest: Invalid extension permission: resource://pdf.js/
1577781430947	addons.webextension.screenshots@mozilla.org	WARN	Loading extension 'screenshots@mozilla.org': Reading manifest: Invalid extension permission: about:reader*
1577781433480	Marionette	INFO	Listening on port 59957
1577781433531	Marionette	WARN	TLS certificate errors will be ignored for this session
1577781437595	Marionette	INFO	Stopped listening on port 59583
JavaScript warning: https://racing.hkjc.com/racing/Info/Scripts/jquery-1.4.1.min.js, line 56: unreachable code after return statement
JavaScript warning: https://racing.hkjc.com/racing/info/GlobalMenu/English/js/global.js, line 1771: unreachable code after return statement
1577781440198	Marionette	INFO	Stopped listening on port 59957
1577781440693	Marionette	INFO	Stopped listening on port 56829
1577784280846	mozrunner::runner	INFO	Running command: "/Applications/Firefox.app/Contents/MacOS/firefox-bin" "-marionette" "-foreground" "-no-remote" "-profile" "/var/folders/xd/hbcb50hx7kg5vfcymx2n4r340000gn/T/rust_mozprofileX4COvV"
1577784281758	addons.webextension.screenshots@mozilla.org	WARN	Loading extension 'screenshots@mozilla.org': Reading manifest: Invalid extension permission: mozillaAddons
1577784281759	addons.webextension.screenshots@mozilla.org	WARN	Loading extension 'screenshots@mozilla.org': Reading manifest: Invalid extension permission: resource://pdf.js/
1577784281759	addons.webextension.screenshots@mozilla.org	WARN	Loading extension 'screenshots@mozilla.org': Reading manifest: Invalid extension permission: about:reader*
1577784283922	Marionette	INFO	Listening on port 61866
1577784284009	Marionette	WARN	TLS certificate errors will be ignored for this session
JavaScript warning: https://racing.hkjc.com/racing/Info/Scripts/jquery-1.4.1.min.js, line 56: unreachable code after return statement
JavaScript warning: https://racing.hkjc.com/racing/info/GlobalMenu/English/js/global.js, line 1771: unreachable code after return statement
JavaScript warning: https://racing.hkjc.com/racing/Info/Scripts/jquery-1.4.1.min.js, line 56: unreachable code after return statement
JavaScript warning: https://racing.hkjc.com/racing/info/GlobalMenu/English/js/global.js, line 1771: unreachable code after return statement
JavaScript warning: https://racing.hkjc.com/racing/Info/Scripts/jquery-1.4.1.min.js, line 56: unreachable code after return statement
JavaScript warning: https://racing.hkjc.com/racing/info/GlobalMenu/English/js/global.js, line 1771: unreachable code after return statement
JavaScript warning: https://racing.hkjc.com/racing/Info/Scripts/jquery-1.4.1.min.js, line 56: unreachable code after return statement
JavaScript warning: https://racing.hkjc.com/racing/info/GlobalMenu/English/js/global.js, line 1771: unreachable code after return statement
1577784296634	Marionette	INFO	Stopped listening on port 61866
console.warn: "Error while detaching the thread front: 'detach' request packet to 'server1.conn0.child1/context19' can't be sent as the connection is closed."
1577784308586	mozrunner::runner	INFO	Running command: "/Applications/Firefox.app/Contents/MacOS/firefox-bin" "-marionette" "-foreground" "-no-remote" "-profile" "/var/folders/xd/hbcb50hx7kg5vfcymx2n4r340000gn/T/rust_mozprofileI8Oc6Z"
1577784309090	addons.webextension.screenshots@mozilla.org	WARN	Loading extension 'screenshots@mozilla.org': Reading manifest: Invalid extension permission: mozillaAddons
1577784309091	addons.webextension.screenshots@mozilla.org	WARN	Loading extension 'screenshots@mozilla.org': Reading manifest: Invalid extension permission: resource://pdf.js/
1577784309091	addons.webextension.screenshots@mozilla.org	WARN	Loading extension 'screenshots@mozilla.org': Reading manifest: Invalid extension permission: about:reader*
1577784312302	Marionette	INFO	Listening on port 62092
1577784312385	Marionette	WARN	TLS certificate errors will be ignored for this session
JavaScript warning: https://racing.hkjc.com/racing/Info/Scripts/jquery-1.4.1.min.js, line 56: unreachable code after return statement
JavaScript warning: https://racing.hkjc.com/racing/info/GlobalMenu/English/js/global.js, line 1771: unreachable code after return statement
1577784316809	Marionette	WARN	TimedPromise timed out after 500 ms: stacktrace:
bail@chrome://marionette/content/sync.js:223:64
JavaScript warning: https://racing.hkjc.com/racing/Info/Scripts/jquery-1.4.1.min.js, line 56: unreachable code after return statement
JavaScript warning: https://racing.hkjc.com/racing/info/GlobalMenu/English/js/global.js, line 1771: unreachable code after return statement
JavaScript warning: https://racing.hkjc.com/racing/Info/Scripts/jquery-1.4.1.min.js, line 56: unreachable code after return statement
JavaScript warning: https://racing.hkjc.com/racing/info/GlobalMenu/English/js/global.js, line 1771: unreachable code after return statement
1577784321867	Marionette	INFO	Stopped listening on port 62092
JavaScript error: https://common.hkjc.com/corporate/scripts/jquery.jsonp-2.1.3.min.js, line 3: NS_ERROR_NOT_INITIALIZED: 
1577784343933	mozrunner::runner	INFO	Running command: "/Applications/Firefox.app/Contents/MacOS/firefox-bin" "-marionette" "-foreground" "-no-remote" "-profile" "/var/folders/xd/hbcb50hx7kg5vfcymx2n4r340000gn/T/rust_mozprofileA7qqWo"
1577784344430	addons.webextension.screenshots@mozilla.org	WARN	Loading extension 'screenshots@mozilla.org': Reading manifest: Invalid extension permission: mozillaAddons
1577784344431	addons.webextension.screenshots@mozilla.org	WARN	Loading extension 'screenshots@mozilla.org': Reading manifest: Invalid extension permission: resource://pdf.js/
1577784344431	addons.webextension.screenshots@mozilla.org	WARN	Loading extension 'screenshots@mozilla.org': Reading manifest: Invalid extension permission: about:reader*
1577784346646	Marionette	INFO	Listening on port 62348
1577784346690	Marionette	WARN	TLS certificate errors will be ignored for this session
JavaScript warning: https://racing.hkjc.com/racing/Info/Scripts/jquery-1.4.1.min.js, line 56: unreachable code after return statement
JavaScript warning: https://racing.hkjc.com/racing/info/GlobalMenu/English/js/global.js, line 1771: unreachable code after return statement
JavaScript warning: https://racing.hkjc.com/racing/Info/Scripts/jquery-1.4.1.min.js, line 56: unreachable code after return statement
JavaScript warning: https://racing.hkjc.com/racing/info/GlobalMenu/English/js/global.js, line 1771: unreachable code after return statement
JavaScript warning: https://racing.hkjc.com/racing/Info/Scripts/jquery-1.4.1.min.js, line 56: unreachable code after return statement
JavaScript warning: https://racing.hkjc.com/racing/info/GlobalMenu/English/js/global.js, line 1771: unreachable code after return statement
JavaScript warning: https://racing.hkjc.com/racing/Info/Scripts/jquery-1.4.1.min.js, line 56: unreachable code after return statement
JavaScript warning: https://racing.hkjc.com/racing/info/GlobalMenu/English/js/global.js, line 1771: unreachable code after return statement
1577784355729	Marionette	INFO	Stopped listening on port 62348
1577784431462	mozrunner::runner	INFO	Running command: "/Applications/Firefox.app/Contents/MacOS/firefox-bin" "-marionette" "-foreground" "-no-remote" "-profile" "/var/folders/xd/hbcb50hx7kg5vfcymx2n4r340000gn/T/rust_mozprofileTCb81L"
1577784431940	addons.webextension.screenshots@mozilla.org	WARN	Loading extension 'screenshots@mozilla.org': Reading manifest: Invalid extension permission: mozillaAddons
1577784431940	addons.webextension.screenshots@mozilla.org	WARN	Loading extension 'screenshots@mozilla.org': Reading manifest: Invalid extension permission: resource://pdf.js/
1577784431940	addons.webextension.screenshots@mozilla.org	WARN	Loading extension 'screenshots@mozilla.org': Reading manifest: Invalid extension permission: about:reader*
1577784434519	Marionette	INFO	Listening on port 62847
1577784434531	Marionette	WARN	TLS certificate errors will be ignored for this session
JavaScript warning: https://racing.hkjc.com/racing/Info/Scripts/jquery-1.4.1.min.js, line 56: unreachable code after return statement
JavaScript warning: https://racing.hkjc.com/racing/info/GlobalMenu/English/js/global.js, line 1771: unreachable code after return statement
[GFX1-]: Receive IPC close with reason=AbnormalShutdown
Exiting due to channel error.
[GFX1-]: Receive IPC close with reason=AbnormalShutdown
Exiting due to channel error.
[GFX1-]: Receive IPC close with reason=AbnormalShutdown
[Child 37362, Chrome_ChildThread] WARNING: pipe error: Broken pipe: file /builds/worker/workspace/build/src/ipc/chromium/src/chrome/common/ipc_channel_posix.cc, line 726
Exiting due to channel error.
1577784477898	mozrunner::runner	INFO	Running command: "/Applications/Firefox.app/Contents/MacOS/firefox-bin" "-marionette" "-foreground" "-no-remote" "-profile" "/var/folders/xd/hbcb50hx7kg5vfcymx2n4r340000gn/T/rust_mozprofilecoKf8p"
1577784478757	addons.webextension.screenshots@mozilla.org	WARN	Loading extension 'screenshots@mozilla.org': Reading manifest: Invalid extension permission: mozillaAddons
1577784478757	addons.webextension.screenshots@mozilla.org	WARN	Loading extension 'screenshots@mozilla.org': Reading manifest: Invalid extension permission: resource://pdf.js/
1577784478758	addons.webextension.screenshots@mozilla.org	WARN	Loading extension 'screenshots@mozilla.org': Reading manifest: Invalid extension permission: about:reader*
1577784480629	Marionette	INFO	Listening on port 63159
1577784480668	Marionette	WARN	TLS certificate errors will be ignored for this session
JavaScript warning: https://racing.hkjc.com/racing/Info/Scripts/jquery-1.4.1.min.js, line 56: unreachable code after return statement
JavaScript warning: https://racing.hkjc.com/racing/info/GlobalMenu/English/js/global.js, line 1771: unreachable code after return statement
JavaScript error: resource://devtools/client/framework/toolbox.js, line 1318: TypeError: currentPanel is undefined
JavaScript error: resource://devtools/client/framework/toolbox.js, line 1318: TypeError: currentPanel is undefined
console.error: (new TypeError("this.selection is undefined", "resource://devtools/shared/fronts/inspector.js", 481))
console.warn: "Error while detaching the thread front: 'detach' request packet to 'server1.conn0.child1/context19' can't be sent as the connection is closed."
1577784581340	mozrunner::runner	INFO	Running command: "/Applications/Firefox.app/Contents/MacOS/firefox-bin" "-marionette" "-foreground" "-no-remote" "-profile" "/var/folders/xd/hbcb50hx7kg5vfcymx2n4r340000gn/T/rust_mozprofile3A3rXy"
1577784582183	addons.webextension.screenshots@mozilla.org	WARN	Loading extension 'screenshots@mozilla.org': Reading manifest: Invalid extension permission: mozillaAddons
1577784582183	addons.webextension.screenshots@mozilla.org	WARN	Loading extension 'screenshots@mozilla.org': Reading manifest: Invalid extension permission: resource://pdf.js/
1577784582183	addons.webextension.screenshots@mozilla.org	WARN	Loading extension 'screenshots@mozilla.org': Reading manifest: Invalid extension permission: about:reader*
1577784584184	Marionette	INFO	Listening on port 63744
1577784584212	Marionette	WARN	TLS certificate errors will be ignored for this session
JavaScript warning: https://racing.hkjc.com/racing/Info/Scripts/jquery-1.4.1.min.js, line 56: unreachable code after return statement
JavaScript warning: https://racing.hkjc.com/racing/info/GlobalMenu/English/js/global.js, line 1771: unreachable code after return statement
JavaScript warning: https://racing.hkjc.com/racing/Info/Scripts/jquery-1.4.1.min.js, line 56: unreachable code after return statement
JavaScript warning: https://racing.hkjc.com/racing/info/GlobalMenu/English/js/global.js, line 1771: unreachable code after return statement
JavaScript warning: https://racing.hkjc.com/racing/Info/Scripts/jquery-1.4.1.min.js, line 56: unreachable code after return statement
JavaScript warning: https://racing.hkjc.com/racing/info/GlobalMenu/English/js/global.js, line 1771: unreachable code after return statement
JavaScript warning: https://racing.hkjc.com/racing/Info/Scripts/jquery-1.4.1.min.js, line 56: unreachable code after return statement
JavaScript warning: https://racing.hkjc.com/racing/info/GlobalMenu/English/js/global.js, line 1771: unreachable code after return statement
1577784604539	Marionette	INFO	Stopped listening on port 63744
1577784843876	mozrunner::runner	INFO	Running command: "/Applications/Firefox.app/Contents/MacOS/firefox-bin" "-marionette" "-foreground" "-no-remote" "-profile" "/var/folders/xd/hbcb50hx7kg5vfcymx2n4r340000gn/T/rust_mozprofileYCfTJF"
1577784844360	addons.webextension.screenshots@mozilla.org	WARN	Loading extension 'screenshots@mozilla.org': Reading manifest: Invalid extension permission: mozillaAddons
1577784844361	addons.webextension.screenshots@mozilla.org	WARN	Loading extension 'screenshots@mozilla.org': Reading manifest: Invalid extension permission: resource://pdf.js/
1577784844361	addons.webextension.screenshots@mozilla.org	WARN	Loading extension 'screenshots@mozilla.org': Reading manifest: Invalid extension permission: about:reader*
1577784846520	Marionette	INFO	Listening on port 65085
1577784846551	Marionette	WARN	TLS certificate errors will be ignored for this session
JavaScript warning: https://racing.hkjc.com/racing/Info/Scripts/jquery-1.4.1.min.js, line 56: unreachable code after return statement
JavaScript warning: https://racing.hkjc.com/racing/info/GlobalMenu/English/js/global.js, line 1771: unreachable code after return statement
JavaScript warning: https://racing.hkjc.com/racing/Info/Scripts/jquery-1.4.1.min.js, line 56: unreachable code after return statement
JavaScript warning: https://racing.hkjc.com/racing/info/GlobalMenu/English/js/global.js, line 1771: unreachable code after return statement
JavaScript warning: https://racing.hkjc.com/racing/Info/Scripts/jquery-1.4.1.min.js, line 56: unreachable code after return statement
JavaScript warning: https://racing.hkjc.com/racing/info/GlobalMenu/English/js/global.js, line 1771: unreachable code after return statement
JavaScript warning: https://racing.hkjc.com/racing/Info/Scripts/jquery-1.4.1.min.js, line 56: unreachable code after return statement
JavaScript warning: https://racing.hkjc.com/racing/info/GlobalMenu/English/js/global.js, line 1771: unreachable code after return statement
console.error: BroadcastService: 
  receivedBroadcastMessage: handler for
  remote-settings/monitor_changes
  threw error:
  Message: Error: Polling for changes failed: http://%(server)s/dummy/blocklist//buckets/monitor/collections/changes/records?_expected=%221577750418253%22 is not a valid URL..
  Stack:
    remoteSettingsFunction/remoteSettings.pollChanges@resource://services-settings/remote-settings.js:203:13

console.error: BroadcastService: 
  receivedBroadcastMessage: handler for
  remote-settings/monitor_changes
  threw error:
  Message: Error: Polling for changes failed: http://%(server)s/dummy/blocklist//buckets/monitor/collections/changes/records?_expected=%221577750418253%22 is not a valid URL..
  Stack:
    remoteSettingsFunction/remoteSettings.pollChanges@resource://services-settings/remote-settings.js:203:13

[GFX1-]: Receive IPC close with reason=AbnormalShutdown
Exiting due to channel error.
[GFX1-]: Receive IPC close with reason=AbnormalShutdown
Exiting due to channel error.
[GFX1-]: Receive IPC close with reason=AbnormalShutdown
[Child 40905, Chrome_ChildThread] WARNING: pipe error: Broken pipe: file /builds/worker/workspace/build/src/ipc/chromium/src/chrome/common/ipc_channel_posix.cc, line 726
Exiting due to channel error.
